parallax/app/build/intermediates/manifest_merge_blame_file/debug/processDebugMainManifest/manifest-merger-blame-debug-report.txt
1<?xml version="1.0" encoding="utf-8"?>
2<manifest xmlns:android="http://schemas.android.com/apk/res/android"
3    package="com.electroscan"
4    android:versionCode="1"
5    android:versionName="1.0" >
6
7    <uses-sdk
8        android:minSdkVersion="26"
9        android:targetSdkVersion="35" />
10
11    <uses-permission android:name="android.permission.CAMERA" />
11-->src\main\AndroidManifest.xml:4:5-65
11-->src\main\AndroidManifest.xml:4:22-62
12    <uses-permission android:name="android.permission.INTERNET" />
12-->src\main\AndroidManifest.xml:5:5-67
12-->src\main\AndroidManifest.xml:5:22-64
13
14    <uses-feature
14-->src\main\AndroidManifest.xml:6:5-84
15        android:name="android.hardware.camera"
15-->src\main\AndroidManifest.xml:6:19-57
16        android:required="true" />
16-->src\main\AndroidManifest.xml:6:58-81
17    <uses-feature
17-->src\main\AndroidManifest.xml:7:5-95
18        android:name="android.hardware.camera.autofocus"
18-->src\main\AndroidManifest.xml:7:19-67
19        android:required="false" />
19-->src\main\AndroidManifest.xml:7:68-92
20
21    <!-- For remote config -->
22    <uses-permission android:name="android.permission.ACCESS_NETWORK_STATE" />
22-->[com.google.mlkit:object-detection:17.0.2] AndroidManifest.xml:7:5-79
22-->[com.google.mlkit:object-detection:17.0.2] AndroidManifest.xml:7:22-76
23
24    <permission
24-->[androidx.core:core:1.13.1] AndroidManifest.xml:22:5-24:47
25        android:name="com.electroscan.DYNAMIC_RECEIVER_NOT_EXPORTED_PERMISSION"
25-->[androidx.core:core:1.13.1] AndroidManifest.xml:23:9-81
26        android:protectionLevel="signature" />
26-->[androidx.core:core:1.13.1] AndroidManifest.xml:24:9-44
27
28    <uses-permission android:name="com.electroscan.DYNAMIC_RECEIVER_NOT_EXPORTED_PERMISSION" />
28-->[androidx.core:core:1.13.1] AndroidManifest.xml:26:5-97
28-->[androidx.core:core:1.13.1] AndroidManifest.xml:26:22-94
29
30    <application
30-->src\main\AndroidManifest.xml:9:5-43:19
31        android:allowBackup="true"
31-->src\main\AndroidManifest.xml:10:9-35
32        android:appComponentFactory="androidx.core.app.CoreComponentFactory"
32-->[androidx.core:core:1.13.1] AndroidManifest.xml:28:18-86
33        android:debuggable="true"
34        android:extractNativeLibs="false"
35        android:icon="@mipmap/ic_launcher"
35-->src\main\AndroidManifest.xml:11:9-43
36        android:label="@string/app_name"
36-->src\main\AndroidManifest.xml:12:9-41
37        android:networkSecurityConfig="@xml/network_security_config"
37-->src\main\AndroidManifest.xml:17:9-69
38        android:roundIcon="@mipmap/ic_launcher_round"
38-->src\main\AndroidManifest.xml:13:9-54
39        android:supportsRtl="true"
39-->src\main\AndroidManifest.xml:14:9-35
40        android:theme="@style/Theme.ElectroScan"
40-->src\main\AndroidManifest.xml:15:9-49
41        android:usesCleartextTraffic="false" >
41-->src\main\AndroidManifest.xml:16:9-45
42        <meta-data
42-->src\main\AndroidManifest.xml:19:9-21:37
43            android:name="com.google.mlkit.vision.DEPENDENCIES"
43-->src\main\AndroidManifest.xml:20:13-64
44            android:value="label" />
44-->src\main\AndroidManifest.xml:21:13-34
45
46        <activity
46-->src\main\AndroidManifest.xml:23:9-31:20
47            android:name="com.electroscan.MainActivity"
47-->src\main\AndroidManifest.xml:24:13-41
48            android:exported="true"
48-->src\main\AndroidManifest.xml:25:13-36
49            android:screenOrientation="portrait" >
49-->src\main\AndroidManifest.xml:26:13-49
50            <intent-filter>
50-->src\main\AndroidManifest.xml:27:13-30:29
51                <action android:name="android.intent.action.MAIN" />
51-->src\main\AndroidManifest.xml:28:17-69
51-->src\main\AndroidManifest.xml:28:25-66
52
53                <category android:name="android.intent.category.LAUNCHER" />
53-->src\main\AndroidManifest.xml:29:17-77
53-->src\main\AndroidManifest.xml:29:27-74
54            </intent-filter>
55        </activity>
56        <activity
56-->src\main\AndroidManifest.xml:33:9-36:52
57            android:name="com.electroscan.ResultsActivity"
57-->src\main\AndroidManifest.xml:34:13-44
58            android:exported="false"
58-->src\main\AndroidManifest.xml:35:13-37
59            android:screenOrientation="portrait" />
59-->src\main\AndroidManifest.xml:36:13-49
60        <activity
60-->src\main\AndroidManifest.xml:38:9-41:52
61            android:name="com.electroscan.ProjectDetailActivity"
61-->src\main\AndroidManifest.xml:39:13-50
62            android:exported="false"
62-->src\main\AndroidManifest.xml:40:13-37
63            android:screenOrientation="portrait" />
63-->src\main\AndroidManifest.xml:41:13-49
64
65        <service
65-->[androidx.camera:camera-camera2:1.3.4] AndroidManifest.xml:24:9-33:19
66            android:name="androidx.camera.core.impl.MetadataHolderService"
66-->[androidx.camera:camera-camera2:1.3.4] AndroidManifest.xml:25:13-75
67            android:enabled="false"
67-->[androidx.camera:camera-camera2:1.3.4] AndroidManifest.xml:26:13-36
68            android:exported="false" >
68-->[androidx.camera:camera-camera2:1.3.4] AndroidManifest.xml:27:13-37
69            <meta-data
69-->[androidx.camera:camera-camera2:1.3.4] AndroidManifest.xml:30:13-32:89
70                android:name="androidx.camera.core.impl.MetadataHolderService.DEFAULT_CONFIG_PROVIDER"
70-->[androidx.camera:camera-camera2:1.3.4] AndroidManifest.xml:31:17-103
71                android:value="androidx.camera.camera2.Camera2Config$DefaultProvider" />
71-->[androidx.camera:camera-camera2:1.3.4] AndroidManifest.xml:32:17-86
72        </service>
73        <service
73-->[com.google.mlkit:object-detection:17.0.2] AndroidManifest.xml:11:9-17:19
74            android:name="com.google.mlkit.common.internal.MlKitComponentDiscoveryService"
74-->[com.google.mlkit:object-detection:17.0.2] AndroidManifest.xml:12:13-91
75            android:directBootAware="true"
75-->[com.google.mlkit:common:18.11.0] AndroidManifest.xml:17:13-43
76            android:exported="false" >
76-->[com.google.mlkit:object-detection:17.0.2] AndroidManifest.xml:13:13-37
77            <meta-data
77-->[com.google.mlkit:object-detection:17.0.2] AndroidManifest.xml:14:13-16:85
78                android:name="com.google.firebase.components:com.google.mlkit.vision.objects.defaults.internal.DefaultObjectsRegistrar"
78-->[com.google.mlkit:object-detection:17.0.2] AndroidManifest.xml:15:17-136
79                android:value="com.google.firebase.components.ComponentRegistrar" />
79-->[com.google.mlkit:object-detection:17.0.2] AndroidManifest.xml:16:17-82
80            <meta-data
80-->[com.google.mlkit:image-labeling:17.0.9] AndroidManifest.xml:11:13-13:85
81                android:name="com.google.firebase.components:com.google.mlkit.vision.label.defaults.internal.BundledLabelRegistrar"
81-->[com.google.mlkit:image-labeling:17.0.9] AndroidManifest.xml:12:17-132
82                android:value="com.google.firebase.components.ComponentRegistrar" />
82-->[com.google.mlkit:image-labeling:17.0.9] AndroidManifest.xml:13:17-82
83            <meta-data
83-->[com.google.mlkit:vision-internal-vkp:18.2.3] AndroidManifest.xml:14:13-16:85
84                android:name="com.google.firebase.components:com.google.mlkit.vision.vkp.VkpRegistrar"
84-->[com.google.mlkit:vision-internal-vkp:18.2.3] AndroidManifest.xml:15:17-103
85                android:value="com.google.firebase.components.ComponentRegistrar" />
85-->[com.google.mlkit:vision-internal-vkp:18.2.3] AndroidManifest.xml:16:17-82
86            <meta-data
86-->[com.google.mlkit:vision-common:17.3.0] AndroidManifest.xml:12:13-14:85
87                android:name="com.google.firebase.components:com.google.mlkit.vision.common.internal.VisionCommonRegistrar"
87-->[com.google.mlkit:vision-common:17.3.0] AndroidManifest.xml:13:17-124
88                android:value="com.google.firebase.components.ComponentRegistrar" />
88-->[com.google.mlkit:vision-common:17.3.0] AndroidManifest.xml:14:17-82
89            <meta-data
89-->[com.google.mlkit:common:18.11.0] AndroidManifest.xml:20:13-22:85
90                android:name="com.google.firebase.components:com.google.mlkit.common.internal.CommonComponentRegistrar"
90-->[com.google.mlkit:common:18.11.0] AndroidManifest.xml:21:17-120
91                android:value="com.google.firebase.components.ComponentRegistrar" />
91-->[com.google.mlkit:common:18.11.0] AndroidManifest.xml:22:17-82
92        </service>
93
94        <provider
94-->[com.google.mlkit:common:18.11.0] AndroidManifest.xml:9:9-13:38
95            android:name="com.google.mlkit.common.internal.MlKitInitProvider"
95-->[com.google.mlkit:common:18.11.0] AndroidManifest.xml:10:13-78
96            android:authorities="com.electroscan.mlkitinitprovider"
96-->[com.google.mlkit:common:18.11.0] AndroidManifest.xml:11:13-69
97            android:exported="false"
97-->[com.google.mlkit:common:18.11.0] AndroidManifest.xml:12:13-37
98            android:initOrder="99" />
98-->[com.google.mlkit:common:18.11.0] AndroidManifest.xml:13:13-35
99
100        <activity
100-->[com.google.android.gms:play-services-base:18.5.0] AndroidManifest.xml:5:9-173
101            android:name="com.google.android.gms.common.api.GoogleApiActivity"
101-->[com.google.android.gms:play-services-base:18.5.0] AndroidManifest.xml:5:19-85
102            android:exported="false"
102-->[com.google.android.gms:play-services-base:18.5.0] AndroidManifest.xml:5:146-170
103            android:theme="@android:style/Theme.Translucent.NoTitleBar" />
103-->[com.google.android.gms:play-services-base:18.5.0] AndroidManifest.xml:5:86-145
104
105        <provider
105-->[androidx.emoji2:emoji2:1.3.0] AndroidManifest.xml:24:9-32:20
106            android:name="androidx.startup.InitializationProvider"
106-->[androidx.emoji2:emoji2:1.3.0] AndroidManifest.xml:25:13-67
107            android:authorities="com.electroscan.androidx-startup"
107-->[androidx.emoji2:emoji2:1.3.0] AndroidManifest.xml:26:13-68
108            android:exported="false" >
108-->[androidx.emoji2:emoji2:1.3.0] AndroidManifest.xml:27:13-37
109            <meta-data
109-->[androidx.emoji2:emoji2:1.3.0] AndroidManifest.xml:29:13-31:52
110                android:name="androidx.emoji2.text.EmojiCompatInitializer"
110-->[androidx.emoji2:emoji2:1.3.0] AndroidManifest.xml:30:17-75
111                android:value="androidx.startup" />
111-->[androidx.emoji2:emoji2:1.3.0] AndroidManifest.xml:31:17-49
112            <meta-data
112-->[androidx.lifecycle:lifecycle-process:2.8.6] AndroidManifest.xml:29:13-31:52
113                android:name="androidx.lifecycle.ProcessLifecycleInitializer"
113-->[androidx.lifecycle:lifecycle-process:2.8.6] AndroidManifest.xml:30:17-78
114                android:value="androidx.startup" />
114-->[androidx.lifecycle:lifecycle-process:2.8.6] AndroidManifest.xml:31:17-49
115            <meta-data
115-->[androidx.profileinstaller:profileinstaller:1.3.1] AndroidManifest.xml:29:13-31:52
116                android:name="androidx.profileinstaller.ProfileInstallerInitializer"
116-->[androidx.profileinstaller:profileinstaller:1.3.1] AndroidManifest.xml:30:17-85
117                android:value="androidx.startup" />
117-->[androidx.profileinstaller:profileinstaller:1.3.1] AndroidManifest.xml:31:17-49
118        </provider>
119
120        <meta-data
120-->[com.google.android.gms:play-services-basement:18.4.0] AndroidManifest.xml:6:9-122
121            android:name="com.google.android.gms.version"
121-->[com.google.android.gms:play-services-basement:18.4.0] AndroidManifest.xml:6:20-65
122            android:value="@integer/google_play_services_version" />
122-->[com.google.android.gms:play-services-basement:18.4.0] AndroidManifest.xml:6:66-119
123
124        <receiver
124-->[androidx.profileinstaller:profileinstaller:1.3.1] AndroidManifest.xml:34:9-52:20
125            android:name="androidx.profileinstaller.ProfileInstallReceiver"
125-->[androidx.profileinstaller:profileinstaller:1.3.1] AndroidManifest.xml:35:13-76
126            android:directBootAware="false"
126-->[androidx.profileinstaller:profileinstaller:1.3.1] AndroidManifest.xml:36:13-44
127            android:enabled="true"
127-->[androidx.profileinstaller:profileinstaller:1.3.1] AndroidManifest.xml:37:13-35
128            android:exported="true"
128-->[androidx.profileinstaller:profileinstaller:1.3.1] AndroidManifest.xml:38:13-36
129            android:permission="android.permission.DUMP" >
129-->[androidx.profileinstaller:profileinstaller:1.3.1] AndroidManifest.xml:39:13-57
130            <intent-filter>
130-->[androidx.profileinstaller:profileinstaller:1.3.1] AndroidManifest.xml:40:13-42:29
131                <action android:name="androidx.profileinstaller.action.INSTALL_PROFILE" />
131-->[androidx.profileinstaller:profileinstaller:1.3.1] AndroidManifest.xml:41:17-91
131-->[androidx.profileinstaller:profileinstaller:1.3.1] AndroidManifest.xml:41:25-88
132            </intent-filter>
133            <intent-filter>
133-->[androidx.profileinstaller:profileinstaller:1.3.1] AndroidManifest.xml:43:13-45:29
134                <action android:name="androidx.profileinstaller.action.SKIP_FILE" />
134-->[androidx.profileinstaller:profileinstaller:1.3.1] AndroidManifest.xml:44:17-85
134-->[androidx.profileinstaller:profileinstaller:1.3.1] AndroidManifest.xml:44:25-82
135            </intent-filter>
136            <intent-filter>
136-->[androidx.profileinstaller:profileinstaller:1.3.1] AndroidManifest.xml:46:13-48:29
137                <action android:name="androidx.profileinstaller.action.SAVE_PROFILE" />
137-->[androidx.profileinstaller:profileinstaller:1.3.1] AndroidManifest.xml:47:17-88
137-->[androidx.profileinstaller:profileinstaller:1.3.1] AndroidManifest.xml:47:25-85
138            </intent-filter>
139            <intent-filter>
139-->[androidx.profileinstaller:profileinstaller:1.3.1] AndroidManifest.xml:49:13-51:29
140                <action android:name="androidx.profileinstaller.action.BENCHMARK_OPERATION" />
140-->[androidx.profileinstaller:profileinstaller:1.3.1] AndroidManifest.xml:50:17-95
140-->[androidx.profileinstaller:profileinstaller:1.3.1] AndroidManifest.xml:50:25-92
141            </intent-filter>
142        </receiver>
143
144        <service
144-->[com.google.android.datatransport:transport-backend-cct:2.3.3] AndroidManifest.xml:29:9-35:19
145            android:name="com.google.android.datatransport.runtime.backends.TransportBackendDiscovery"
145-->[com.google.android.datatransport:transport-backend-cct:2.3.3] AndroidManifest.xml:30:13-103
146            android:exported="false" >
146-->[com.google.android.datatransport:transport-backend-cct:2.3.3] AndroidManifest.xml:31:13-37
147            <meta-data
147-->[com.google.android.datatransport:transport-backend-cct:2.3.3] AndroidManifest.xml:32:13-34:39
148                android:name="backend:com.google.android.datatransport.cct.CctBackendFactory"
148-->[com.google.android.datatransport:transport-backend-cct:2.3.3] AndroidManifest.xml:33:17-94
149                android:value="cct" />
149-->[com.google.android.datatransport:transport-backend-cct:2.3.3] AndroidManifest.xml:34:17-36
150        </service>
151        <service
151-->[com.google.android.datatransport:transport-runtime:2.2.6] AndroidManifest.xml:26:9-30:19
152            android:name="com.google.android.datatransport.runtime.scheduling.jobscheduling.JobInfoSchedulerService"
152-->[com.google.android.datatransport:transport-runtime:2.2.6] AndroidManifest.xml:27:13-117
153            android:exported="false"
153-->[com.google.android.datatransport:transport-runtime:2.2.6] AndroidManifest.xml:28:13-37
154            android:permission="android.permission.BIND_JOB_SERVICE" >
154-->[com.google.android.datatransport:transport-runtime:2.2.6] AndroidManifest.xml:29:13-69
155        </service>
156
157        <receiver
157-->[com.google.android.datatransport:transport-runtime:2.2.6] AndroidManifest.xml:32:9-34:40
158            android:name="com.google.android.datatransport.runtime.scheduling.jobscheduling.AlarmManagerSchedulerBroadcastReceiver"
158-->[com.google.android.datatransport:transport-runtime:2.2.6] AndroidManifest.xml:33:13-132
159            android:exported="false" />
159-->[com.google.android.datatransport:transport-runtime:2.2.6] AndroidManifest.xml:34:13-37
160    </application>
161
162</manifest>